C51 COMPILER V9.57.0.0   BUZZER                                                            12/20/2022 23:36:39 PAGE 1   


C51 COMPILER V9.57.0.0, COMPILATION OF MODULE BUZZER
OBJECT MODULE PLACED IN .\Objects\buzzer.obj
COMPILER INVOKED BY: D:\MCU\Keil5\C51\C51\BIN\C51.EXE buzzer.c OPTIMIZE(8,SPEED) BROWSE DEBUG OBJECTEXTEND PRINT(.\Listi
                    -ngs\buzzer.lst) OBJECT(.\Objects\buzzer.obj)

line level    source

   1          #include <REGX52.H>
   2          #include <INTRINS.H>
   3          #include "Delay.h"
   4          
   5          sbit Buzzer = P2^5;
   6          
   7          /**
   8           * @brief 蜂鸣器私有延时函数，延时500us
   9           * @param 无
  10           * @retval 无
  11           */
  12          void Buzzer_Delay500us(void)            //@11.0592MHz
  13          {
  14   1              unsigned char i;
  15   1      
  16   1              _nop_();
  17   1              i = 227;
  18   1              while (--i);
  19   1      }
  20          
  21          /**
  22           * @brief 蜂鸣器发生
  23           * @param ms 发声时长
  24           * @retval 无
  25           */
  26          void Buzzer_Time(unsigned int ms)       //蜂鸣器持续时间
  27          {
  28   1              unsigned int i;
  29   1              for(i = 0; i < ms*2; i++)
  30   1              {
  31   2                      Buzzer = !Buzzer;
  32   2                      Buzzer_Delay500us();    // 蜂鸣器单次响应频率，500*2=1ms = 1000Hz频率(一个周期)
  33   2                      //Delay(1);
  34   2              }
  35   1      }


MODULE INFORMATION:   STATIC OVERLAYABLE
   CODE SIZE        =     40    ----
   CONSTANT SIZE    =   ----    ----
   XDATA SIZE       =   ----    ----
   PDATA SIZE       =   ----    ----
   DATA SIZE        =   ----    ----
   IDATA SIZE       =   ----    ----
   BIT SIZE         =   ----    ----
END OF MODULE INFORMATION.


C51 COMPILATION COMPLETE.  0 WARNING(S),  0 ERROR(S)
