C51 COMPILER V9.57.0.0   MAIN                                                              12/20/2022 23:36:39 PAGE 1   


C51 COMPILER V9.57.0.0, COMPILATION OF MODULE MAIN
OBJECT MODULE PLACED IN .\Objects\main.obj
COMPILER INVOKED BY: D:\MCU\Keil5\C51\C51\BIN\C51.EXE main.c OPTIMIZE(8,SPEED) BROWSE DEBUG OBJECTEXTEND PRINT(.\Listing
                    -s\main.lst) OBJECT(.\Objects\main.obj)

line level    source

   1          #include <REGX52.H>
   2          #include "Delay.h"
   3          #include "nixie.h"
   4          #include "key.h"
   5          #include "buzzer.h"
   6          
   7          unsigned char KeyNum;
   8          
   9          void main(void)
  10          {
  11   1              NixieTube(1, 0);        //初始时第一位数码管显示为0
  12   1              while(1)
  13   1              {
  14   2                      KeyNum = key();
  15   2                      if(KeyNum)
  16   2                      {
  17   3                              Buzzer_Time(10);
  18   3                              NixieTube(1, KeyNum);   //第一位数码管显示为对应按键值
  19   3                      }
  20   2              }
  21   1      }


MODULE INFORMATION:   STATIC OVERLAYABLE
   CODE SIZE        =     32    ----
   CONSTANT SIZE    =   ----    ----
   XDATA SIZE       =   ----    ----
   PDATA SIZE       =   ----    ----
   DATA SIZE        =      1    ----
   IDATA SIZE       =   ----    ----
   BIT SIZE         =   ----    ----
END OF MODULE INFORMATION.


C51 COMPILATION COMPLETE.  0 WARNING(S),  0 ERROR(S)
