C51 COMPILER V9.57.0.0   MATRIXKEY                                                         12/12/2022 22:12:39 PAGE 1   


C51 COMPILER V9.57.0.0, COMPILATION OF MODULE MATRIXKEY
OBJECT MODULE PLACED IN .\Objects\MatrixKey.obj
COMPILER INVOKED BY: D:\MCU\Keil5\C51\C51\BIN\C51.EXE MatrixKey.c OPTIMIZE(8,SPEED) BROWSE DEBUG OBJECTEXTEND PRINT(.\Li
                    -stings\MatrixKey.lst) OBJECT(.\Objects\MatrixKey.obj)

line level    source

   1          #include <REGX52.H>
   2          #include "MatrixKey.h"
   3          #include "Delay.h"
   4          
   5          /**
   6           * @brief çŸ©é˜µé”®ç›˜è¯»å–æŒ‰é”®é”®ç 
   7           * @param æ— 
   8           * @retval KeyNumber æŒ‰ä¸‹æŒ‰é”®çš„é”®ç å€¼
   9           * @note å¦‚æœæŒ‰é”®æŒ‰ä¸‹ä¸æ”¾ï¼Œç¨‹åºä¼šåœç•™åœ¨æ­¤å‡½æ•°ï¼Œæ¾æ‰‹çš„ä¸€ç¬é—´è¿”å›æŒ‰é”®å€¼ï¼Œæ²¡æ
             -œ‰æŒ‰é”®æŒ‰ä¸‹æ—¶ï¼Œè¿”å›0
  10           */
  11          unsigned char MatrixKey(void)
  12          {
  13   1              unsigned char KeyNumber = 0;    //å¦‚æœæ²¡æœ‰æŒ‰é”®ï¼Œä¸‹è¾¹çš„ifè¯­å¥ä¸æ‰§è¡Œï¼ŒP1å£ä¸€ç›´ä¼šè¢«æ‰«æ
  14   1              
  15   1              P1 = 0xff;
  16   1              P1_3 = 0;
  17   1              if(P1_7 == 0) { Delay(20); while(P1_7 == 0); Delay(20); KeyNumber = 1; }
  18   1              if(P1_6 == 0) { Delay(20); while(P1_6 == 0); Delay(20); KeyNumber = 5; }
  19   1              if(P1_5 == 0) { Delay(20); while(P1_5 == 0); Delay(20); KeyNumber = 9; }
  20   1              if(P1_4 == 0) { Delay(20); while(P1_4 == 0); Delay(20); KeyNumber = 13; }
  21   1              
  22   1              P1 = 0xff;
  23   1              P1_2 = 0;
  24   1              if(P1_7 == 0) { Delay(20); while(P1_7 == 0); Delay(20); KeyNumber = 2; }
  25   1              if(P1_6 == 0) { Delay(20); while(P1_6 == 0); Delay(20); KeyNumber = 6; }
  26   1              if(P1_5 == 0) { Delay(20); while(P1_5 == 0); Delay(20); KeyNumber = 10; }
  27   1              if(P1_4 == 0) { Delay(20); while(P1_4 == 0); Delay(20); KeyNumber = 14; }
  28   1              
  29   1              P1 = 0xff;
  30   1              P1_1 = 0;
  31   1              if(P1_7 == 0) { Delay(20); while(P1_7 == 0); Delay(20); KeyNumber = 3; }
  32   1              if(P1_6 == 0) { Delay(20); while(P1_6 == 0); Delay(20); KeyNumber = 7; }
  33   1              if(P1_5 == 0) { Delay(20); while(P1_5 == 0); Delay(20); KeyNumber = 11; }
  34   1              if(P1_4 == 0) { Delay(20); while(P1_4 == 0); Delay(20); KeyNumber = 15; }
  35   1              
  36   1              P1 = 0xff;
  37   1              P1_0 = 0;
  38   1              if(P1_7 == 0) { Delay(20); while(P1_7 == 0); Delay(20); KeyNumber = 4; }
  39   1              if(P1_6 == 0) { Delay(20); while(P1_6 == 0); Delay(20); KeyNumber = 8; }
  40   1              if(P1_5 == 0) { Delay(20); while(P1_5 == 0); Delay(20); KeyNumber = 12; }
  41   1              if(P1_4 == 0) { Delay(20); while(P1_4 == 0); Delay(20); KeyNumber = 16; }
  42   1              
  43   1              return KeyNumber;
  44   1      }


MODULE INFORMATION:   STATIC OVERLAYABLE
   CODE SIZE        =    330    ----
   CONSTANT SIZE    =   ----    ----
   XDATA SIZE       =   ----    ----
   PDATA SIZE       =   ----    ----
   DATA SIZE        =   ----       1
   IDATA SIZE       =   ----    ----
C51 COMPILER V9.57.0.0   MATRIXKEY                                                         12/12/2022 22:12:39 PAGE 2   

   BIT SIZE         =   ----    ----
END OF MODULE INFORMATION.


C51 COMPILATION COMPLETE.  0 WARNING(S),  0 ERROR(S)
