C51 COMPILER V9.57.0.0   MATRIX_LED                                                        12/17/2022 23:48:05 PAGE 1   


C51 COMPILER V9.57.0.0, COMPILATION OF MODULE MATRIX_LED
OBJECT MODULE PLACED IN .\Objects\Matrix_LED.obj
COMPILER INVOKED BY: D:\MCU\Keil5\C51\C51\BIN\C51.EXE Matrix_LED.c OPTIMIZE(8,SPEED) BROWSE DEBUG OBJECTEXTEND PRINT(.\L
                    -istings\Matrix_LED.lst) OBJECT(.\Objects\Matrix_LED.obj)

line level    source

   1          #include <REGX52.H>//Note: 注意这里的头文件需要显示在点阵屏显示头文件前面或者放
             -Matrix_LED.h文件中，这样点阵屏头文件里的P0和P3口的使用才不会报错
   2          #include "Matrix_LED.h"
   3          #include "Delay.h"
   4          
   5          /**
   6           * @brief 点阵屏初始化
   7           * @param 无
   8           * @retval 无
   9           */
  10          void MatrixLED_Init(void)
  11          {
  12   1              SCK = 0;
  13   1              RCK = 0;
  14   1      }
  15          
  16          /**
  17           * @brief 74HC595写入一个字节
  18           * @param 要写入的一个字节
  19           * @retval 无
  20           */
  21          void _74HC595_WriteByte(unsigned char Byte)
  22          {
  23   1              unsigned char i;
  24   1              for(i = 0; i < 8; i++)
  25   1              {
  26   2                      SER = Byte & (0x80 >> i);       //(1000-0000) 相当于等于1，非零即一，等效于下面的方式
  27   2                      //if(byte & 0x80)       SER = 1;
  28   2                      SCK = 1;        // 初始为0，置一的时候上升沿有效，寄存器中的值将发生移位
  29   2                      SCK = 0;        // 置为0，为下一次上升做准备
  30   2              }
  31   1              RCK = 1;        // 初始为0，置一的时候上升沿有效，寄存器中的8位值将整体移到输出寄
             -器中
  32   1              RCK = 0;        // 置为0，为下一次上升做准备
  33   1      }
  34          
  35          /**
  36           * @brief LCD点阵屏显示一列数据
  37           * @param Column 要选择的列，范围：0~7，0在点阵屏最左边
  38           * @param Data 选择列显示数据，最高位在点阵屏上部，1为，0为灭
  39           * @retval 无
  40           */
  41          void MatricLED_ShowColumn(unsigned char Column, unsigned char Data)
  42          {
  43   1              _74HC595_WriteByte(Data);
  44   1              MATRIX_LED_PORT = ~(0x80 >> Column);
  45   1              Delay(1);                               // 消除残影
  46   1              MATRIX_LED_PORT = 0xff; // 位清零
  47   1      }


MODULE INFORMATION:   STATIC OVERLAYABLE
   CODE SIZE        =     84    ----
   CONSTANT SIZE    =   ----    ----
C51 COMPILER V9.57.0.0   MATRIX_LED                                                        12/17/2022 23:48:05 PAGE 2   

   XDATA SIZE       =   ----    ----
   PDATA SIZE       =   ----    ----
   DATA SIZE        =   ----    ----
   IDATA SIZE       =   ----    ----
   BIT SIZE         =   ----    ----
END OF MODULE INFORMATION.


C51 COMPILATION COMPLETE.  0 WARNING(S),  0 ERROR(S)
