C51 COMPILER V9.57.0.0   DS1302                                                            12/19/2022 20:49:32 PAGE 1   


C51 COMPILER V9.57.0.0, COMPILATION OF MODULE DS1302
OBJECT MODULE PLACED IN .\Objects\DS1302.obj
COMPILER INVOKED BY: D:\MCU\Keil5\C51\C51\BIN\C51.EXE DS1302.c OPTIMIZE(8,SPEED) BROWSE DEBUG OBJECTEXTEND PRINT(.\Listi
                    -ngs\DS1302.lst) OBJECT(.\Objects\DS1302.obj)

line level    source

   1          #include <REGX52.H>
   2          
   3          sbit DS1302_SCLK = P3^6;
   4          sbit DS1302_IO = P3^4;
   5          sbit DS1302_CE = P3^5;
   6          
   7          #define DS1302_SECOND   0x80    // ç§’
   8          #define DS1302_MINUTE   0x82    // åˆ†é’Ÿ
   9          #define DS1302_HOUR             0x84    // æ—¶
  10          #define DS1302_DATE             0x86    // æ—¥
  11          #define DS1302_MONTH    0x88    // æœˆ
  12          #define DS1302_DAY              0x8A    // æ˜ŸæœŸ
  13          #define DS1302_YEAR             0x8C    // å¹´
  14          #define DS1302_WP               0x8E    // å†™ä¿æŠ¤
  15          
  16          unsigned char DS1302_Time[] = {22, 12, 18, 12, 59, 55, 7};
  17          
  18          void DS1302_Init(void)
  19          {
  20   1              DS1302_CE = 0;
  21   1              DS1302_SCLK = 0;
  22   1      }
  23          
  24          /**
  25           * @brief 
  26           * @param 
  27           * @retval 
  28           * @note æ ¹æ®æ—¶åºå›¾æ¥å†™ç¨‹åºï¼Œå…ˆå†™æŒ‡ä»¤è¯´æ˜éœ€è¦æ“ä½œä»€ä¹ˆï¼Œåå†™æ•°æ®
  29           */
  30          void DS1302_WriteByte(unsigned char Command, unsigned char Data)
  31          {
  32   1              unsigned char i;
  33   1              DS1302_CE = 1;
  34   1              
  35   1              for(i = 0; i < 8; i++)
  36   1              {
  37   2                      DS1302_IO = Command & (0x01 << i);
  38   2                      DS1302_SCLK = 1;
  39   2                      //Delay(1);             //51çš„é€Ÿåº¦æ…¢ï¼Œæ‰€ä»¥ä¸éœ€è¦å»¶æ—¶
  40   2                      DS1302_SCLK = 0;
  41   2              }
  42   1              
  43   1              for(i = 0; i < 8; i++)
  44   1              {
  45   2                      DS1302_IO = Data & (0x01 << i);
  46   2                      DS1302_SCLK = 1;
  47   2                      DS1302_SCLK = 0;
  48   2              }
  49   1              
  50   1              DS1302_CE = 0;
  51   1      }
  52          
  53          unsigned char DS1302_ReadByte(unsigned char Command)
  54          {
C51 COMPILER V9.57.0.0   DS1302                                                            12/19/2022 20:49:32 PAGE 2   

  55   1              unsigned char i, Data = 0x00;
  56   1              Command |= 0x01;        //åˆå§‹è®¾ç½®ä¸ºè¯»å‘½ä»¤
  57   1              DS1302_CE = 1;
  58   1              for(i = 0; i < 8; i++)
  59   1              {
  60   2                      DS1302_IO = Command & (0x01 << i);
  61   2                      DS1302_SCLK = 0;
  62   2                      DS1302_SCLK = 1;
  63   2              }
  64   1              
  65   1              for(i = 0; i < 8; i++)
  66   1              {
  67   2                      DS1302_SCLK = 1;
  68   2                      DS1302_SCLK = 0;
  69   2                      if(DS1302_IO)   { Data |= (0x01 << i); }
  70   2              }
  71   1              
  72   1              DS1302_CE = 0;
  73   1              DS1302_IO = 0;
  74   1              return Data;
  75   1      }
  76          
  77          void DS1302_SetTime(void)
  78          {
  79   1              DS1302_WriteByte(DS1302_WP, 0x00);      //å…³é—­å†™ä¿æŠ¤
  80   1              DS1302_WriteByte(DS1302_YEAR, DS1302_Time[0]/10*16+DS1302_Time[0]%10);  //åè¿›åˆ¶éœ€è¦è½¬åŒ–ä¸ºBCDç å­
             -˜è¿›å»
  81   1              DS1302_WriteByte(DS1302_MONTH, DS1302_Time[1]/10*16+DS1302_Time[1]%10);
  82   1              DS1302_WriteByte(DS1302_DATE, DS1302_Time[2]/10*16+DS1302_Time[2]%10);
  83   1              DS1302_WriteByte(DS1302_HOUR, DS1302_Time[3]/10*16+DS1302_Time[3]%10);
  84   1              DS1302_WriteByte(DS1302_MINUTE, DS1302_Time[4]/10*16+DS1302_Time[4]%10);
  85   1              DS1302_WriteByte(DS1302_SECOND, DS1302_Time[5]/10*16+DS1302_Time[5]%10);
  86   1              DS1302_WriteByte(DS1302_DAY, DS1302_Time[6]/10*16+DS1302_Time[6]%10);
  87   1              DS1302_WriteByte(DS1302_WP, 0x80);      //æ‰“å¼€å†™ä¿æŠ¤
  88   1      }
  89          
  90          void DS1302_ReadTime(void)
  91          {
  92   1              unsigned char temp;
  93   1              
  94   1              temp = DS1302_ReadByte(DS1302_YEAR);    //è¯»å–çš„æ˜¯BCDç ï¼Œéœ€è¦è½¬æ¢æˆåè¿›åˆ¶
  95   1              DS1302_Time[0] = temp/16*10 + temp%16;
  96   1              
  97   1              temp = DS1302_ReadByte(DS1302_MONTH);
  98   1              DS1302_Time[1] = temp/16*10 + temp%16;
  99   1              
 100   1              temp = DS1302_ReadByte(DS1302_DATE);
 101   1              DS1302_Time[2] = temp/16*10 + temp%16;
 102   1              
 103   1              temp = DS1302_ReadByte(DS1302_HOUR);
 104   1              DS1302_Time[3] = temp/16*10 + temp%16;
 105   1              
 106   1              temp = DS1302_ReadByte(DS1302_MINUTE);
 107   1              DS1302_Time[4] = temp/16*10 + temp%16;
 108   1              
 109   1              temp = DS1302_ReadByte(DS1302_SECOND);
 110   1              DS1302_Time[5] = temp/16*10 + temp%16;
 111   1              
 112   1              temp = DS1302_ReadByte(DS1302_DAY);
 113   1              DS1302_Time[6] = temp/16*10 + temp%16;
 114   1      }

C51 COMPILER V9.57.0.0   DS1302                                                            12/19/2022 20:49:32 PAGE 3   


MODULE INFORMATION:   STATIC OVERLAYABLE
   CODE SIZE        =    491    ----
   CONSTANT SIZE    =   ----    ----
   XDATA SIZE       =   ----    ----
   PDATA SIZE       =   ----    ----
   DATA SIZE        =      7    ----
   IDATA SIZE       =   ----    ----
   BIT SIZE         =   ----    ----
END OF MODULE INFORMATION.


C51 COMPILATION COMPLETE.  0 WARNING(S),  0 ERROR(S)
