C51 COMPILER V9.57.0.0   MAIN                                                              12/18/2022 00:11:49 PAGE 1   


C51 COMPILER V9.57.0.0, COMPILATION OF MODULE MAIN
OBJECT MODULE PLACED IN .\Objects\main.obj
COMPILER INVOKED BY: D:\MCU\Keil5\C51\C51\BIN\C51.EXE main.c OPTIMIZE(8,SPEED) BROWSE DEBUG OBJECTEXTEND PRINT(.\Listing
                    -s\main.lst) OBJECT(.\Objects\main.obj)

line level    source

   1          #include <REGX52.H>
   2          #include "Matrix_LED.h"
   3          
   4          unsigned char Animation[] = {
   5                  0x00,0x00,0x00,0x00,0x00,0x00,0x00,0x00,
   6                  0xFF,0x08,0x08,0x08,0xFF,0x00,0x0E,0x15,
   7                  0x15,0x15,0x08,0x00,0x7E,0x01,0x02,0x00,
   8                  0x7E,0x01,0x02,0x00,0x0E,0x11,0x11,0x0E,
   9                  0x00,0x7D,0x00,0x00,0x00,0x00,0x00,0x00,
  10                  0x00,0x00,0x00,0x00,0x00,0x00,0x00,0x00
  11          };
  12          
  13          void main(void)
  14          {
  15   1              unsigned char i, offset = 0, cnt = 0;
  16   1              MatrixLED_Init();
  17   1              //P0 = 0;
  18   1              //_74HC595_WriteByte(0xaa);
  19   1              //MatricLED_ShowColumn(3, 0x40);
  20   1              while(1)
  21   1              {
  22   2                      for(i = 0; i < 8; i++)
  23   2                      {
  24   3                              MatricLED_ShowColumn(i, Animation[i+offset]);
  25   3                      }
  26   2                      cnt++;
  27   2                      if(cnt > 10)
  28   2                      {
  29   3                              cnt = 0;
  30   3                              offset++;
  31   3                              if(offset > 32)
  32   3                              {
  33   4                                      offset = 0;
  34   4                              }
  35   3                      }
  36   2              }
  37   1      }


MODULE INFORMATION:   STATIC OVERLAYABLE
   CODE SIZE        =     60    ----
   CONSTANT SIZE    =   ----    ----
   XDATA SIZE       =   ----    ----
   PDATA SIZE       =   ----    ----
   DATA SIZE        =     48       3
   IDATA SIZE       =   ----    ----
   BIT SIZE         =   ----    ----
END OF MODULE INFORMATION.


C51 COMPILATION COMPLETE.  0 WARNING(S),  0 ERROR(S)
