C51 COMPILER V9.57.0.0   MAIN                                                              12/03/2022 19:18:11 PAGE 1   


C51 COMPILER V9.57.0.0, COMPILATION OF MODULE MAIN
OBJECT MODULE PLACED IN .\Objects\main.obj
COMPILER INVOKED BY: D:\MCU\Keil5\C51\C51\BIN\C51.EXE main.c OPTIMIZE(8,SPEED) BROWSE DEBUG OBJECTEXTEND PRINT(.\Listing
                    -s\main.lst) TABS(2) OBJECT(.\Objects\main.obj)

line level    source

   1          /**
   2           * @file main.c
   3           * @author codebug (zhang_classmate@qq.com)
   4           * @brief 流水灯
   5           * @version 0.1
   6           * @date 2022-12-01 22:12
   7           *
   8           * @copyright Copyright (c) 2022
   9           *
  10           */
  11          #include <REG52.H>
  12          #include <INTRINS.H>
  13          
  14          // #define ONE
  15          // #define TWO
  16          #define THREE
  17          
  18          void Delay500ms(); //@11.0592MHz
  19          
  20          #ifdef ONE // 可行
              void main(void)
              {
                  while (1)
                  {
                      P2 = 0xfe; // 1111-1110
                      Delay500ms();
                      P2 = 0xfd; // 1111-1101
                      Delay500ms();
                      P2 = 0xfb; // 1111-1011
                      Delay500ms();
                      P2 = 0xf7; // 1111-0111
                      Delay500ms();
                      P2 = 0xef; // 1110-1111
                      Delay500ms();
                      P2 = 0xdf; // 1101-1111
                      Delay500ms();
                      P2 = 0xbf; // 1011-1111
                      Delay500ms();
                      P2 = 0x7f; // 0111-1111
                      Delay500ms();
                  }
              }
              
              #elif defined TWO // TWO流水方式不同
              void main(void)
              {
                  while (1)
                  {
                      P2 = 0xfe; // 1111-1110
                      Delay500ms();
                      P2 <<= 1; // 1111-1100
                      Delay500ms();
                      P2 <<= 1; // 1111-1000
                      Delay500ms();
C51 COMPILER V9.57.0.0   MAIN                                                              12/03/2022 19:18:11 PAGE 2   

                      P2 <<= 1; // 1111-0000
                      Delay500ms();
                      P2 <<= 1; // 1110-0000
                      Delay500ms();
                      P2 <<= 1; // 1100-0000
                      Delay500ms();
                      P2 <<= 1; // 1000-0000
                      Delay500ms();
                      P2 <<= 1; // 0000-0000
                      Delay500ms();
                      P2 = 0xff;
                      Delay500ms();
                  }
              }
              
              #elif defined THREE // BUG:流水方式不同，需要改进
  71          void main()
  72          {
  73   1          unsigned int cnt = 1;
  74   1          P2 = 0xfe; // 1111-1110
  75   1          while (1)
  76   1          {
  77   2              Delay500ms();
  78   2              P2 <<= 1;
  79   2              cnt++;
  80   2              if (cnt % 8 == 0)
  81   2                  P2 = 0xfe;
  82   2          }
  83   1      }
  84          
  85          #endif
  86          
  87          void Delay500ms() //@11.0592MHz
  88          {
  89   1          unsigned char i, j, k;
  90   1      
  91   1          _nop_();
  92   1          i = 4;
  93   1          j = 129;
  94   1          k = 119;
  95   1          do
  96   1          {
  97   2              do
  98   2              {
  99   3                  while (--k)
 100   3                      ;
 101   3              } while (--j);
 102   2          } while (--i);
 103   1      }


MODULE INFORMATION:   STATIC OVERLAYABLE
   CODE SIZE        =     49    ----
   CONSTANT SIZE    =   ----    ----
   XDATA SIZE       =   ----    ----
   PDATA SIZE       =   ----    ----
   DATA SIZE        =   ----       2
   IDATA SIZE       =   ----    ----
   BIT SIZE         =   ----    ----
END OF MODULE INFORMATION.


C51 COMPILATION COMPLETE.  0 WARNING(S),  0 ERROR(S)
