C51 COMPILER V9.57.0.0   MIAN                                                              12/11/2022 21:04:30 PAGE 1   


C51 COMPILER V9.57.0.0, COMPILATION OF MODULE MIAN
OBJECT MODULE PLACED IN .\Objects\mian.obj
COMPILER INVOKED BY: D:\MCU\Keil5\C51\C51\BIN\C51.EXE mian.c OPTIMIZE(8,SPEED) BROWSE DEBUG OBJECTEXTEND PRINT(.\Listing
                    -s\mian.lst) OBJECT(.\Objects\mian.obj)

line level    source

   1          #include <REGX52.H>
   2          #include <intrins.h>
   3          
   4          //#define ONE
   5          #define TWO
   6          #define THREE
   7          
   8          typedef unsigned char u8;
   9          sbit K1 = P3^1;
  10          sbit D1 = P2^0;
  11          
  12          /*      74HC138译码器        */
  13          sbit c = P2^4;
  14          sbit b = P2^3;
  15          sbit a = P2^2;
  16          
  17          /*      8位数码管   */
  18          //0011-1111(0), 0000-0110(1), 0101-1011(2), 0100-1111(3), 0110-0110(4), 0110-1101(5), 0111-1101(6), 0000-0
             -111(7), 1111-1111(8), 0110-1111(9)
  19          u8 smg[] = {0x3f, 0x06, 0x5b, 0x4f, 0x66, 0x6d, 0x7d, 0x07, 0xff, 0x6f};
  20          
  21          void Delay(u8 xms);
  22          void NixieTube(u8 location, u8 num);
  23          
  24          #if defined ONE
              void main(void)
              {
                      c = 1; b = 0; a = 1;    //位选：LED6 -> Y5 -> CBA=101
                      P0 = 0x6D; //段选,LED6显示6-> acdefg = 01111101 = 0x7d;     acdfg = 01101101(5) = 0x6D;
                      while(1)
                      {
                              
                      }
              }
              
              #elif defined TWO
  36          void main(void)
  37          {
  38   1              NixieTube(3, 7);
  39   1              while(1);
  40   1      }
  41          
  42          #elif defined THREE
              
              #endif
  45          
  46          void NixieTube(u8 location, u8 num)
  47          {
  48   1              switch(location)
  49   1              {
  50   2                      case 1: //LED1 -> Y0 -> 000
  51   2                              c = 0; b = 0; a = 0;    break;
  52   2                      case 2: //LED1 -> Y1 -> 001
  53   2                              c = 0; b = 0; a = 1;    break;
C51 COMPILER V9.57.0.0   MIAN                                                              12/11/2022 21:04:30 PAGE 2   

  54   2                      case 3: //LED1 -> Y2 -> 010
  55   2                              c = 0; b = 1; a = 0;    break;
  56   2                      case 4: //LED1 -> Y3 -> 011
  57   2                              c = 0; b = 1; a = 1;    break;
  58   2                      case 5: //LED1 -> Y4 -> 100
  59   2                              c = 1; b = 0; a = 0;    break;
  60   2                      case 6: //LED1 -> Y5 -> 101
  61   2                              c = 1; b = 0; a = 1;    break;
  62   2                      case 7: //LED1 -> Y6 -> 110
  63   2                              c = 1; b = 1; a = 0;    break;
  64   2                      case 8: //LED1 -> Y7 -> 111
  65   2                              c = 1; b = 1; a = 1;    break;
  66   2                      //defalut: while(K1 ==1 ) { D1=~D1; Delay(100);}
  67   2              }
  68   1              P0 = smg[num];  //Note: it's P0, not P2 !
  69   1      }
  70          
  71          void Delay(u8 xms)
  72          {
  73   1              u8 i, j;
  74   1              while(xms--)
  75   1              {
  76   2                      i = 2;
  77   2                      j = 199;
  78   2                      do      {       while(--j);     }
  79   2                      while(--i);
  80   2              }
  81   1      }


MODULE INFORMATION:   STATIC OVERLAYABLE
   CODE SIZE        =    125    ----
   CONSTANT SIZE    =   ----    ----
   XDATA SIZE       =   ----    ----
   PDATA SIZE       =   ----    ----
   DATA SIZE        =     10    ----
   IDATA SIZE       =   ----    ----
   BIT SIZE         =   ----    ----
END OF MODULE INFORMATION.


C51 COMPILATION COMPLETE.  0 WARNING(S),  0 ERROR(S)
