C51 COMPILER V9.57.0.0   MAIN                                                              12/17/2022 20:42:48 PAGE 1   


C51 COMPILER V9.57.0.0, COMPILATION OF MODULE MAIN
OBJECT MODULE PLACED IN .\Objects\main.obj
COMPILER INVOKED BY: D:\MCU\Keil5\C51\C51\BIN\C51.EXE main.c OPTIMIZE(8,SPEED) BROWSE DEBUG OBJECTEXTEND PRINT(.\Listing
                    -s\main.lst) OBJECT(.\Objects\main.obj)

line level    source

   1          #include <REGX52.H>
   2          #include "Delay.h"
   3          #include "uart.h"
   4          
   5          unsigned char sec;
   6          
   7          void main(void)
   8          {       
   9   1              UartInit();
  10   1              
  11   1              while(1)
  12   1              {
  13   2      
  14   2              }
  15   1      }
  16          
  17          void UART_Routine(void) interrupt 4
  18          {
  19   1              if(RI == 1)
  20   1              {
  21   2                      P2 = SBUF;
  22   2                      UART_SendByte(SBUF);
  23   2                      RI = 0;
  24   2              }
  25   1      }


MODULE INFORMATION:   STATIC OVERLAYABLE
   CODE SIZE        =     74    ----
   CONSTANT SIZE    =   ----    ----
   XDATA SIZE       =   ----    ----
   PDATA SIZE       =   ----    ----
   DATA SIZE        =      1    ----
   IDATA SIZE       =   ----    ----
   BIT SIZE         =   ----    ----
END OF MODULE INFORMATION.


C51 COMPILATION COMPLETE.  0 WARNING(S),  0 ERROR(S)
