C51 COMPILER V9.57.0.0   MAIN                                                              12/11/2022 22:27:32 PAGE 1   


C51 COMPILER V9.57.0.0, COMPILATION OF MODULE MAIN
OBJECT MODULE PLACED IN .\Objects\main.obj
COMPILER INVOKED BY: D:\MCU\Keil5\C51\C51\BIN\C51.EXE main.c OPTIMIZE(8,SPEED) BROWSE INCDIR(..\5.1 ƒ£øÈªØ±‡≥Ã) DEBUG OB
                    -JECTEXTEND PRINT(.\Listings\main.lst) OBJECT(.\Objects\main.obj)

line level    source

   1          #include <REG52.H>
   2          #include "delay.h"
   3          #include "nixie.h"
   4          
   5          #define ONE
   6          //#define TWO
   7          //#define THREE
   8          
   9          /*      ÂçïÁâáÊú∫Áõ¥Êé•Êâ´ÊèèÊñπÂºèÔºöÁ°¨‰ª∂ËÆæÂ§áÁÆÄÂçïÔºå‰ΩÜÊòØ‰ºöËÄóË¥πÂ§ßÈáèÁöÑÂçïÁâáÊú∫CPUÊó∂Èó¥Ôºå
  10          ËøòÊúâ‰∏ÄÁßç‰∏ìÁî®È©±Âä®ËäØÁâá(TM1640)ÔºåÂÜÖÈÉ®Ëá™Â∏¶ÊòæÂ≠ò„ÄÅÊâ´ÊèèÁîµË∑Ø
  11          74HC595, Âè™ÈúÄË¶Å5Ê†πÁ∫øÔºåËÄåÊú¨Á§∫‰æãÈúÄË¶Å3+8=11Ê†πÁ∫ø      */
  12          #if defined ONE 
  13          void main(void)
  14          {
  15   1              while(1)
  16   1              {
  17   2                      /*
  18   2                              ÈÄöËøáÂª∂Êó∂Êù•**Ê∂àÂΩ±**ÔºåÁªô74HC254ÂèåÂêëÁºìÂÜ≤Âô®Âª∂Êó∂ÁºìÂÜ≤Ôºå‰∏çÁÑ∂‰ºöÊää‰∏ä‰∏Ä‰ΩçÊï∞Á†ÅÁÆ°ÁöÑÊï
             -∞ÊçÆ‰º†Âà∞ÂÆÉ‰∏ã‰∏Ä‰ΩçÊï∞Á†ÅÁÆ°‰∏ä
  19   2                              ‰∫ßÁîüÂéüÂõ†Ôºö ‰ΩçÈÄâ ÊÆµÈÄâ ->(‰∏≤‰Ωç)-> ‰ΩçÈÄâ ÊÆµÈÄâ ‰ΩçÈÄâ ÊÆµÈÄâ ‰ΩçÈÄâ...
  20   2                              Ëß£ÂÜ≥ÊñπÊ≥ïÔºöÊòæÁ§∫‰πãÂêéÔºåÂ∞ÜÊï¥ÊÆµÊ∏ÖÈõ∂
  21   2                      */
  22   2                      NixieTube(1, 1);        //Delay(5);
  23   2                      NixieTube(2, 2);        //Delay(5);
  24   2                      NixieTube(3, 3);        //Delay(5);
  25   2                      NixieTube(4, 4);        //Delay(5);
  26   2                      NixieTube(5, 5);        //Delay(5);
  27   2                      NixieTube(6, 6);        //Delay(5);
  28   2                      NixieTube(7, 7);        //Delay(5);
  29   2                      NixieTube(8, 8);        //Delay(5);
  30   2              }
  31   1      }
  32          
  33          #elif defined TWO
              
              #elif defined THREE
              
              #endif


MODULE INFORMATION:   STATIC OVERLAYABLE
   CODE SIZE        =     58    ----
   CONSTANT SIZE    =   ----    ----
   XDATA SIZE       =   ----    ----
   PDATA SIZE       =   ----    ----
   DATA SIZE        =   ----    ----
   IDATA SIZE       =   ----    ----
   BIT SIZE         =   ----    ----
END OF MODULE INFORMATION.


C51 COMPILATION COMPLETE.  0 WARNING(S),  0 ERROR(S)
