C51 COMPILER V9.57.0.0   NIXIE                                                             12/11/2022 22:27:32 PAGE 1   


C51 COMPILER V9.57.0.0, COMPILATION OF MODULE NIXIE
OBJECT MODULE PLACED IN .\Objects\nixie.obj
COMPILER INVOKED BY: D:\MCU\Keil5\C51\C51\BIN\C51.EXE nixie.c OPTIMIZE(8,SPEED) BROWSE INCDIR(..\5.1 Ä£¿é»¯±à³Ì) DEBUG O
                    -BJECTEXTEND PRINT(.\Listings\nixie.lst) OBJECT(.\Objects\nixie.obj)

line level    source

   1          #include <REG52.H>
   2          #include "nixie.h"
   3          #include "delay.h"
   4          
   5          /*      74HC138è¯‘ç å™¨        */
   6          sbit c = P2^4;
   7          sbit b = P2^3;
   8          sbit a = P2^2;
   9          
  10          /*      8ä½æ•°ç ç®¡   */
  11          //      0011-1111(0), 0000-0110(1), 0101-1011(2), 0100-1111(3), 0110-0110(4), 
  12          //      0110-1101(5), 0111-1101(6), 0000-0111(7), 1111-1111(8), 0110-1111(9)
  13          unsigned char smg[] = {0x3f, 0x06, 0x5b, 0x4f, 0x66, 0x6d, 0x7d, 0x07, 0xff, 0x6f};
  14          
  15          void NixieTube(unsigned char location, unsigned char num)
  16          {
  17   1              switch(location)
  18   1              {
  19   2                      case 8: //LED1 -> Y0 -> 000
  20   2                              c = 0; b = 0; a = 0;    break;
  21   2                      case 7: //LED1 -> Y1 -> 001
  22   2                              c = 0; b = 0; a = 1;    break;
  23   2                      case 6: //LED1 -> Y2 -> 010
  24   2                              c = 0; b = 1; a = 0;    break;
  25   2                      case 5: //LED1 -> Y3 -> 011
  26   2                              c = 0; b = 1; a = 1;    break;
  27   2                      case 4: //LED1 -> Y4 -> 100
  28   2                              c = 1; b = 0; a = 0;    break;
  29   2                      case 3: //LED1 -> Y5 -> 101
  30   2                              c = 1; b = 0; a = 1;    break;
  31   2                      case 2: //LED1 -> Y6 -> 110
  32   2                              c = 1; b = 1; a = 0;    break;
  33   2                      case 1: //LED1 -> Y7 -> 111
  34   2                              c = 1; b = 1; a = 1;    break;
  35   2              }
  36   1              P0 = smg[num];  //Note: it's P0, not P2 !
  37   1              Delay(1);
  38   1              P0 = 0x00;      //Note: æ¶ˆå½±
  39   1      }


MODULE INFORMATION:   STATIC OVERLAYABLE
   CODE SIZE        =    107    ----
   CONSTANT SIZE    =   ----    ----
   XDATA SIZE       =   ----    ----
   PDATA SIZE       =   ----    ----
   DATA SIZE        =     10    ----
   IDATA SIZE       =   ----    ----
   BIT SIZE         =   ----    ----
END OF MODULE INFORMATION.


C51 COMPILATION COMPLETE.  0 WARNING(S),  0 ERROR(S)
