C51 COMPILER V9.57.0.0   MAIN                                                              12/12/2022 21:59:01 PAGE 1   


C51 COMPILER V9.57.0.0, COMPILATION OF MODULE MAIN
OBJECT MODULE PLACED IN .\Objects\main.obj
COMPILER INVOKED BY: D:\MCU\Keil5\C51\C51\BIN\C51.EXE main.c OPTIMIZE(8,SPEED) BROWSE DEBUG OBJECTEXTEND PRINT(.\Listing
                    -s\main.lst) OBJECT(.\Objects\main.obj)

line level    source

   1          #include <REGX52.H>
   2          #include "LCD1602.h"
   3          #include "Delay.h"
   4          #include "MatrixKey.h"
   5          
   6          unsigned char KeyNum;
   7          
   8          #define ONE
   9          //#define TWO
  10          
  11          #ifdef ONE
  12          void main(void)
  13          {
  14   1              LCD_Init();
  15   1              LCD_ShowString(1, 1, "MatrixKey:");
  16   1              
  17   1              
  18   1              while(1)
  19   1              {
  20   2                      KeyNum = MatrixKey();
  21   2                      if(KeyNum)
  22   2                      {
  23   3                              LCD_ShowNum(2, 1, KeyNum, 2);
  24   3                      }
  25   2              }
  26   1      }
  27          
  28          #elif defined TWO
              
              #endif


MODULE INFORMATION:   STATIC OVERLAYABLE
   CODE SIZE        =     40    ----
   CONSTANT SIZE    =     11    ----
   XDATA SIZE       =   ----    ----
   PDATA SIZE       =   ----    ----
   DATA SIZE        =      1    ----
   IDATA SIZE       =   ----    ----
   BIT SIZE         =   ----    ----
END OF MODULE INFORMATION.


C51 COMPILATION COMPLETE.  0 WARNING(S),  0 ERROR(S)
