C51 COMPILER V9.57.0.0   MAIN                                                              12/10/2022 21:03:48 PAGE 1   


C51 COMPILER V9.57.0.0, COMPILATION OF MODULE MAIN
OBJECT MODULE PLACED IN .\Objects\main.obj
COMPILER INVOKED BY: D:\MCU\Keil5\C51\C51\BIN\C51.EXE main.c OPTIMIZE(8,SPEED) BROWSE DEBUG OBJECTEXTEND PRINT(.\Listing
                    -s\main.lst) OBJECT(.\Objects\main.obj)

line level    source

   1          #include <REG52.H>
   2          #include <intrins.h>
   3          
   4          #define ONE
   5          //#define TWO
   6          //#define THREE
   7          
   8          sbit D1 = P2^0;
   9          sbit D2 = P2^1;
  10          sbit D3 = P2^2;
  11          sbit D4 = P2^3;
  12          sbit D5 = P2^4;
  13          sbit D6 = P2^5;
  14          sbit D7 = P2^6;
  15          sbit D8 = P2^7;
  16          
  17          sbit K1 = P3^1;
  18          
  19          void Delay(unsigned int ms);
  20          //void Delay500ms();
  21          
  22          #if defined ONE
  23          void main(void)
  24          {
  25   1              while(1)
  26   1              {
  27   2                      D1 = 1; //‰∏ÄÂºÄÂßãÁÅØÊòØ‰∫ÆÁöÑÔºåÊåâ‰∏ÄÊ¨°ÔºåÂèñ‰∏ÄÊ¨°Âèç
  28   2                      if(K1 == 0)
  29   2                      {
  30   3                              Delay(20);      //Êåâ‰∏ãÊ∂àÊäñ(Press to remove shaking)
  31   3                              while(K1 == 0); //Ê£ÄÊµãÊåâÈîÆÊòØÂê¶ÊùæÂºÄÔºåÊ≤°ÊùæÂºÄÂ∞±‰∏ÄÁõ¥ÂÅúÂú®Ê≠§Â§ÑÔºåÂê¶ÂàôÊùæÂºÄ‰∫ÜÔºåÊâßË°åÂ
             -êéÈù¢ÁöÑËØ≠Âè•(Check whether the key is released. If not, stop here all the time. If not, execute the following statemen
             -t)
  32   3                              Delay(20);      //ÊùæÂºÄÊ∂àÊäñ(Release to eliminate shaking)
  33   3                              D1 = ~D1;
  34   3                      }
  35   2              }
  36   1      }
  37          
  38          #elif defined TWO
              
              #elif defined THREE
              
              
              #endif
  44          
  45          void Delay(unsigned int ms)             //@11.0592MHz
  46          {
  47   1              unsigned char i, j;
  48   1      
  49   1              _nop_();
  50   1              
  51   1              do
  52   1              {
C51 COMPILER V9.57.0.0   MAIN                                                              12/10/2022 21:03:48 PAGE 2   

  53   2                      i = 2;
  54   2                      j = 199;
  55   2                      do
  56   2                      {
  57   3                              
  58   3                              while (--j);
  59   3                      } while (--i);
  60   2              }while(ms--);
  61   1              
  62   1      }


MODULE INFORMATION:   STATIC OVERLAYABLE
   CODE SIZE        =     46    ----
   CONSTANT SIZE    =   ----    ----
   XDATA SIZE       =   ----    ----
   PDATA SIZE       =   ----    ----
   DATA SIZE        =   ----    ----
   IDATA SIZE       =   ----    ----
   BIT SIZE         =   ----    ----
END OF MODULE INFORMATION.


C51 COMPILATION COMPLETE.  0 WARNING(S),  0 ERROR(S)
