C51 COMPILER V9.57.0.0   LED                                                               12/01/2022 21:41:43 PAGE 1   


C51 COMPILER V9.57.0.0, COMPILATION OF MODULE LED
OBJECT MODULE PLACED IN .\Objects\LED.obj
COMPILER INVOKED BY: D:\MCU\Keil5\C51\C51\BIN\C51.EXE LED.c OPTIMIZE(8,SPEED) BROWSE DEBUG OBJECTEXTEND PRINT(.\Listings
                    -\LED.lst) OBJECT(.\Objects\LED.obj)

line level    source

   1          #include <REGX52.H>
   2          
   3          void delay(int ms);
   4          
   5          int main(void)
   6          {
   7   1              int cnt = 0;
   8   1              P2 = 0xfe;      //1111 1110
   9   1              while(1)
  10   1              {
  11   2                      delay(100);
  12   2                      P2 <<= 1;
  13   2                      if(cnt==8)
  14   2                      {
  15   3                              P2 = 0xff;
  16   3                              cnt = 0;
  17   3                      }
  18   2                      cnt++;
  19   2              }
  20   1              while(1){}
  21   1              return 0;
  22   1      }
  23          
  24          /*      ÑÓÊ±º¯Êýdelay() */
  25          void delay(int ms)
  26          {
  27   1              int i, j;
  28   1              for(i = 1; i <= 100; i++)
  29   1              {
  30   2                      for(j = 1; j <= ms; j++);
  31   2              }
  32   1      }
*** WARNING C294 IN LINE 21 OF LED.c: unreachable code


MODULE INFORMATION:   STATIC OVERLAYABLE
   CODE SIZE        =     86    ----
   CONSTANT SIZE    =   ----    ----
   XDATA SIZE       =   ----    ----
   PDATA SIZE       =   ----    ----
   DATA SIZE        =   ----       2
   IDATA SIZE       =   ----    ----
   BIT SIZE         =   ----    ----
END OF MODULE INFORMATION.


C51 COMPILATION COMPLETE.  1 WARNING(S),  0 ERROR(S)
