C51 COMPILER V9.57.0.0   MAIN                                                              12/12/2022 20:40:16 PAGE 1   


C51 COMPILER V9.57.0.0, COMPILATION OF MODULE MAIN
OBJECT MODULE PLACED IN .\Objects\main.obj
COMPILER INVOKED BY: D:\MCU\Keil5\C51\C51\BIN\C51.EXE main.c OPTIMIZE(8,SPEED) BROWSE DEBUG OBJECTEXTEND PRINT(.\Listing
                    -s\main.lst) OBJECT(.\Objects\main.obj)

line level    source

   1          #include <REGX52.H>
   2          #include "LCD1602.h"
   3          #include "Delay.h"
   4          
   5          //#define ONE
   6          #define TWO
   7          
   8          #ifdef ONE
              void main(void)
              {
                      LCD_Init();
                      LCD_ShowChar(1, 1, 'A');
                      LCD_ShowString(1, 3, "Hello");
                      LCD_ShowNum(1, 9, 1234, 3);
                      LCD_ShowNum(1, 12, 1234, 5);
                      LCD_ShowSignedNum(2, 1, -15, 2);
                      LCD_ShowHexNum(2, 5, 0xAA, 2);
                      LCD_ShowBinNum(2, 8, 0xAA, 8);
                      
                      while(1);
              }
              
              #elif defined TWO
  24          int result = 0;
  25          void main(void)
  26          {
  27   1              LCD_Init();
  28   1              while(1)
  29   1              {
  30   2                      result++;
  31   2                      Delay(1000);
  32   2                      LCD_ShowNum(1, 1, result, 2);
  33   2              }
  34   1      }
  35          
  36          #endif


MODULE INFORMATION:   STATIC OVERLAYABLE
   CODE SIZE        =     32    ----
   CONSTANT SIZE    =   ----    ----
   XDATA SIZE       =   ----    ----
   PDATA SIZE       =   ----    ----
   DATA SIZE        =      2    ----
   IDATA SIZE       =   ----    ----
   BIT SIZE         =   ----    ----
END OF MODULE INFORMATION.


C51 COMPILATION COMPLETE.  0 WARNING(S),  0 ERROR(S)
