C51 COMPILER V9.57.0.0   MAIN                                                              12/15/2022 22:16:49 PAGE 1   


C51 COMPILER V9.57.0.0, COMPILATION OF MODULE MAIN
OBJECT MODULE PLACED IN .\Objects\main.obj
COMPILER INVOKED BY: D:\MCU\Keil5\C51\C51\BIN\C51.EXE main.c OPTIMIZE(8,SPEED) BROWSE DEBUG OBJECTEXTEND PRINT(.\Listing
                    -s\main.lst) OBJECT(.\Objects\main.obj)

line level    source

   1          #include <REGX52.H>
   2          #include <INTRINS.H>
   3          #include "Timer0.h"
   4          #include "LCD1602.h"
   5          
   6          //unsigned int sec=55, min=59, hour=23;
   7          unsigned int sec, min, hour;
   8          
   9          void main(void)
  10          {
  11   1              LCD_Init();
  12   1              Timer0_Init();
  13   1              
  14   1              LCD_ShowString(1, 1, "Clock:");
  15   1              LCD_ShowString(2, 3, ":  :");
  16   1              
  17   1              while(1)
  18   1              {
  19   2                      LCD_ShowNum(2, 1, hour, 2);
  20   2                      LCD_ShowNum(2, 4, min, 2);
  21   2                      LCD_ShowNum(2, 7, sec, 2);
  22   2              }
  23   1      }
  24          
  25          
  26          /*      ä¸­æ–­å‡½æ•°ä¼šä¸€ç›´æ‰§è¡Œï¼Œå› ä¸ºæ²¡æœ‰å…³ä¸­æ–­ï¼Œæ¯æ¬¡èµ‹åˆå€¼åŽè®¡æ—¶éƒ½æ˜¯1000us=1ms,500æ¬¡å
             -Žæ‰§è¡Œä¸€äº›æ“ä½œ   */
  27          unsigned int cnt;
  28          void Timer0_Routine(void) interrupt 1   //å®šæ—¶å™¨/è®¡æ•°å™¨åˆå§‹åŒ–å‡½æ•°
  29          {
  30   1              TL0 = 0x18;     //æ¯æ¬¡è¿›ä¸­æ–­ä¹‹åŽéƒ½éœ€è¦é‡æ–°èµ‹åˆå€¼
  31   1              TH0 = 0xFC;
  32   1              cnt++;
  33   1              if(cnt >= 1000)
  34   1              {
  35   2                      sec++;  //å®šæ—¶1s, secè®¡æ•°å™¨åŠ ä¸€
  36   2                      if(sec >= 60)
  37   2                      {
  38   3                              sec = 0;
  39   3                              min++;
  40   3                              if(min >= 60)
  41   3                              {
  42   4                                      sec = 0;
  43   4                                      min = 0;
  44   4                                      hour++;
  45   4                                      if(hour = 24)
*** WARNING C276 IN LINE 45 OF main.c: constant in condition expression
  46   4                                      {
  47   5                                              hour = 0;
  48   5                                      }
  49   4                              }
  50   3                      }
  51   2                      cnt = 0;
  52   2              }
C51 COMPILER V9.57.0.0   MAIN                                                              12/15/2022 22:16:49 PAGE 2   

  53   1      }


MODULE INFORMATION:   STATIC OVERLAYABLE
   CODE SIZE        =    184    ----
   CONSTANT SIZE    =     12    ----
   XDATA SIZE       =   ----    ----
   PDATA SIZE       =   ----    ----
   DATA SIZE        =      8    ----
   IDATA SIZE       =   ----    ----
   BIT SIZE         =   ----    ----
END OF MODULE INFORMATION.


C51 COMPILATION COMPLETE.  1 WARNING(S),  0 ERROR(S)
